<?xml version="1.0" encoding="UTF-8"?>
<testng-results skipped="0" failed="0" total="1" passed="1">
  <reporter-output>
  </reporter-output>
  <suite name="Default suite" duration-ms="21580" started-at="2018-03-31T13:16:36Z" finished-at="2018-03-31T13:16:58Z">
    <groups>
    </groups>
    <test name=" First test" duration-ms="21580" started-at="2018-03-31T13:16:36Z" finished-at="2018-03-31T13:16:58Z">
      <class name="com.test.SampleTest">
        <test-method status="PASS" signature="beforeMethod()" name="beforeMethod" is-config="true" duration-ms="4503" started-at="2018-03-31T13:16:36Z" finished-at="2018-03-31T13:16:41Z">
        </test-method>
        <test-method status="PASS" signature="f(java.lang.Integer, java.lang.String)" name="f" duration-ms="17046" started-at="2018-03-31T13:16:41Z" finished-at="2018-03-31T13:16:58Z">
          <params>
            <param index="0">
              <value>
                <![CDATA[1]]>
              </value>
            </param>
            <param index="1">
              <value>
                <![CDATA[a]]>
              </value>
            </param>
          </params>
        </test-method>
        <test-method status="PASS" signature="afterMethod()" name="afterMethod" is-config="true" duration-ms="1" started-at="2018-03-31T13:16:58Z" finished-at="2018-03-31T13:16:58Z">
        </test-method>
      </class>
    </test>
  </suite>
</testng-results>
